Determining if the pthread_create exist failed with the following output:
Change Dir: /home/diego/ERC_2021/build/CMakeFiles/CMakeTmp

Run Build Command:"/usr/bin/make" "cmTC_4c64e/fast"
/usr/bin/make -f CMakeFiles/cmTC_4c64e.dir/build.make CMakeFiles/cmTC_4c64e.dir/build
make[1]: se entra en el directorio '/home/diego/ERC_2021/build/CMakeFiles/CMakeTmp'
Building C object CMakeFiles/cmTC_4c64e.dir/CheckSymbolExists.c.o
/usr/bin/cc    -o CMakeFiles/cmTC_4c64e.dir/CheckSymbolExists.c.o   -c /home/diego/ERC_2021/build/CMakeFiles/CMakeTmp/CheckSymbolExists.c
Linking C executable cmTC_4c64e
/usr/bin/cmake -E cmake_link_script CMakeFiles/cmTC_4c64e.dir/link.txt --verbose=1
/usr/bin/cc      -rdynamic CMakeFiles/cmTC_4c64e.dir/CheckSymbolExists.c.o  -o cmTC_4c64e 
CMakeFiles/cmTC_4c64e.dir/CheckSymbolExists.c.o: En la función `main':
CheckSymbolExists.c:(.text+0x1b): referencia a `pthread_create' sin definir
collect2: error: ld returned 1 exit status
CMakeFiles/cmTC_4c64e.dir/build.make:97: fallo en las instrucciones para el objetivo 'cmTC_4c64e'
make[1]: *** [cmTC_4c64e] Error 1
make[1]: se sale del directorio '/home/diego/ERC_2021/build/CMakeFiles/CMakeTmp'
Makefile:126: fallo en las instrucciones para el objetivo 'cmTC_4c64e/fast'
make: *** [cmTC_4c64e/fast] Error 2

File /home/diego/ERC_2021/build/CMakeFiles/CMakeTmp/CheckSymbolExists.c:
/* */
#include <pthread.h>

int main(int argc, char** argv)
{
  (void)argv;
#ifndef pthread_create
  return ((int*)(&pthread_create))[argc];
#else
  (void)argc;
  return 0;
#endif
}

Determining if the function pthread_create exists in the pthreads failed with the following output:
Change Dir: /home/diego/ERC_2021/build/CMakeFiles/CMakeTmp

Run Build Command:"/usr/bin/make" "cmTC_52be8/fast"
/usr/bin/make -f CMakeFiles/cmTC_52be8.dir/build.make CMakeFiles/cmTC_52be8.dir/build
make[1]: se entra en el directorio '/home/diego/ERC_2021/build/CMakeFiles/CMakeTmp'
Building C object CMakeFiles/cmTC_52be8.dir/CheckFunctionExists.c.o
/usr/bin/cc   -DCHECK_FUNCTION_EXISTS=pthread_create   -o CMakeFiles/cmTC_52be8.dir/CheckFunctionExists.c.o   -c /usr/share/cmake-3.10/Modules/CheckFunctionExists.c
Linking C executable cmTC_52be8
/usr/bin/cmake -E cmake_link_script CMakeFiles/cmTC_52be8.dir/link.txt --verbose=1
/usr/bin/cc  -DCHECK_FUNCTION_EXISTS=pthread_create    -rdynamic CMakeFiles/cmTC_52be8.dir/CheckFunctionExists.c.o  -o cmTC_52be8 -lpthreads 
/usr/bin/ld: no se puede encontrar -lpthreads
collect2: error: ld returned 1 exit status
CMakeFiles/cmTC_52be8.dir/build.make:97: fallo en las instrucciones para el objetivo 'cmTC_52be8'
make[1]: *** [cmTC_52be8] Error 1
make[1]: se sale del directorio '/home/diego/ERC_2021/build/CMakeFiles/CMakeTmp'
Makefile:126: fallo en las instrucciones para el objetivo 'cmTC_52be8/fast'
make: *** [cmTC_52be8/fast] Error 2


